<?xml version="1.0" encoding="UTF-8"?>
<testng-results ignored="0" total="20" passed="20" failed="0" skipped="0">
  <reporter-output>
  </reporter-output>
  <suite started-at="2026-03-10T07:43:38 IST" name="All Test Suite" finished-at="2026-03-10T07:52:46 IST" duration-ms="548457">
    <groups>
    </groups>
    <test started-at="2026-03-10T07:43:38 IST" name="C:/Users/Darsh/Desktop/frmwrk/src/main/java/SeleniumTest.java" finished-at="2026-03-10T07:52:46 IST" duration-ms="548457">
      <class name="SeleniumTest">
        <test-method signature="Setup(java.lang.String)[pri:0, instance:SeleniumTest@a580b52]" started-at="2026-03-10T07:43:38 IST" name="Setup" data-provider="emailData" finished-at="2026-03-10T07:44:00 IST" duration-ms="22524" status="PASS">
          <params>
            <param index="0">
              <value>
                <![CDATA[neha.rawat@chicmicstudios.in]]>
              </value>
            </param>
          </params>
          <reporter-output>
          </reporter-output>
        </test-method> <!-- Setup -->
        <test-method signature="Setup(java.lang.String)[pri:0, instance:SeleniumTest@a580b52]" started-at="2026-03-10T07:44:00 IST" name="Setup" data-provider="emailData" finished-at="2026-03-10T07:44:21 IST" duration-ms="21105" status="PASS">
          <params>
            <param index="0">
              <value>
                <![CDATA[hr@metizsoft.com]]>
              </value>
            </param>
          </params>
          <reporter-output>
          </reporter-output>
        </test-method> <!-- Setup -->
        <test-method signature="Setup(java.lang.String)[pri:0, instance:SeleniumTest@a580b52]" started-at="2026-03-10T07:44:21 IST" name="Setup" data-provider="emailData" finished-at="2026-03-10T07:44:42 IST" duration-ms="20895" status="PASS">
          <params>
            <param index="0">
              <value>
                <![CDATA[hr.product2@vasundhara.io]]>
              </value>
            </param>
          </params>
          <reporter-output>
          </reporter-output>
        </test-method> <!-- Setup -->
        <test-method signature="Setup(java.lang.String)[pri:0, instance:SeleniumTest@a580b52]" started-at="2026-03-10T07:44:42 IST" name="Setup" data-provider="emailData" finished-at="2026-03-10T07:45:10 IST" duration-ms="27273" status="PASS">
          <params>
            <param index="0">
              <value>
                <![CDATA[meet.devera@instanceit.com]]>
              </value>
            </param>
          </params>
          <reporter-output>
          </reporter-output>
        </test-method> <!-- Setup -->
        <test-method signature="Setup(java.lang.String)[pri:0, instance:SeleniumTest@a580b52]" started-at="2026-03-10T07:45:10 IST" name="Setup" data-provider="emailData" finished-at="2026-03-10T07:45:31 IST" duration-ms="21432" status="PASS">
          <params>
            <param index="0">
              <value>
                <![CDATA[career@varianceinfotech.com]]>
              </value>
            </param>
          </params>
          <reporter-output>
          </reporter-output>
        </test-method> <!-- Setup -->
        <test-method signature="Setup(java.lang.String)[pri:0, instance:SeleniumTest@a580b52]" started-at="2026-03-10T07:45:31 IST" name="Setup" data-provider="emailData" finished-at="2026-03-10T07:45:53 IST" duration-ms="21524" status="PASS">
          <params>
            <param index="0">
              <value>
                <![CDATA[career@hkinfosoft.com]]>
              </value>
            </param>
          </params>
          <reporter-output>
          </reporter-output>
        </test-method> <!-- Setup -->
        <test-method signature="Setup(java.lang.String)[pri:0, instance:SeleniumTest@a580b52]" started-at="2026-03-10T07:45:53 IST" name="Setup" data-provider="emailData" finished-at="2026-03-10T07:46:15 IST" duration-ms="22307" status="PASS">
          <params>
            <param index="0">
              <value>
                <![CDATA[pinak.j@samcomtechnobrains.com]]>
              </value>
            </param>
          </params>
          <reporter-output>
          </reporter-output>
        </test-method> <!-- Setup -->
        <test-method signature="Setup(java.lang.String)[pri:0, instance:SeleniumTest@a580b52]" started-at="2026-03-10T07:46:15 IST" name="Setup" data-provider="emailData" finished-at="2026-03-10T07:46:38 IST" duration-ms="22914" status="PASS">
          <params>
            <param index="0">
              <value>
                <![CDATA[mayank.joshi@visilean.com]]>
              </value>
            </param>
          </params>
          <reporter-output>
          </reporter-output>
        </test-method> <!-- Setup -->
        <test-method signature="Setup(java.lang.String)[pri:0, instance:SeleniumTest@a580b52]" started-at="2026-03-10T07:46:38 IST" name="Setup" data-provider="emailData" finished-at="2026-03-10T07:46:58 IST" duration-ms="20374" status="PASS">
          <params>
            <param index="0">
              <value>
                <![CDATA[careerhub.org@gmail.com]]>
              </value>
            </param>
          </params>
          <reporter-output>
          </reporter-output>
        </test-method> <!-- Setup -->
        <test-method signature="Setup(java.lang.String)[pri:0, instance:SeleniumTest@a580b52]" started-at="2026-03-10T07:46:58 IST" name="Setup" data-provider="emailData" finished-at="2026-03-10T07:47:25 IST" duration-ms="27135" status="PASS">
          <params>
            <param index="0">
              <value>
                <![CDATA[aravind.ravurupati@signitives.net]]>
              </value>
            </param>
          </params>
          <reporter-output>
          </reporter-output>
        </test-method> <!-- Setup -->
        <test-method signature="Setup(java.lang.String)[pri:0, instance:SeleniumTest@a580b52]" started-at="2026-03-10T07:47:25 IST" name="Setup" data-provider="emailData" finished-at="2026-03-10T07:47:47 IST" duration-ms="22032" status="PASS">
          <params>
            <param index="0">
              <value>
                <![CDATA[dixit.p@samcomtechnobrains.com]]>
              </value>
            </param>
          </params>
          <reporter-output>
          </reporter-output>
        </test-method> <!-- Setup -->
        <test-method signature="Setup(java.lang.String)[pri:0, instance:SeleniumTest@a580b52]" started-at="2026-03-10T07:47:47 IST" name="Setup" data-provider="emailData" finished-at="2026-03-10T07:48:13 IST" duration-ms="25556" status="PASS">
          <params>
            <param index="0">
              <value>
                <![CDATA[hr@3rddigital.com]]>
              </value>
            </param>
          </params>
          <reporter-output>
          </reporter-output>
        </test-method> <!-- Setup -->
        <test-method signature="Setup(java.lang.String)[pri:0, instance:SeleniumTest@a580b52]" started-at="2026-03-10T07:48:13 IST" name="Setup" data-provider="emailData" finished-at="2026-03-10T07:48:39 IST" duration-ms="25702" status="PASS">
          <params>
            <param index="0">
              <value>
                <![CDATA[namrata.l@vrinsoft.com]]>
              </value>
            </param>
          </params>
          <reporter-output>
          </reporter-output>
        </test-method> <!-- Setup -->
        <test-method signature="Setup(java.lang.String)[pri:0, instance:SeleniumTest@a580b52]" started-at="2026-03-10T07:48:39 IST" name="Setup" data-provider="emailData" finished-at="2026-03-10T07:49:01 IST" duration-ms="22475" status="PASS">
          <params>
            <param index="0">
              <value>
                <![CDATA[hr_aditi@techcloud.co]]>
              </value>
            </param>
          </params>
          <reporter-output>
          </reporter-output>
        </test-method> <!-- Setup -->
        <test-method signature="Setup(java.lang.String)[pri:0, instance:SeleniumTest@a580b52]" started-at="2026-03-10T07:49:01 IST" name="Setup" data-provider="emailData" finished-at="2026-03-10T07:49:22 IST" duration-ms="21049" status="PASS">
          <params>
            <param index="0">
              <value>
                <![CDATA[hr@codetrade.io]]>
              </value>
            </param>
          </params>
          <reporter-output>
          </reporter-output>
        </test-method> <!-- Setup -->
        <test-method signature="Setup(java.lang.String)[pri:0, instance:SeleniumTest@a580b52]" started-at="2026-03-10T07:49:22 IST" name="Setup" data-provider="emailData" finished-at="2026-03-10T07:49:45 IST" duration-ms="22526" status="PASS">
          <params>
            <param index="0">
              <value>
                <![CDATA[banika.wazir@programming.com]]>
              </value>
            </param>
          </params>
          <reporter-output>
          </reporter-output>
        </test-method> <!-- Setup -->
        <test-method signature="Setup(java.lang.String)[pri:0, instance:SeleniumTest@a580b52]" started-at="2026-03-10T07:49:45 IST" name="Setup" data-provider="emailData" finished-at="2026-03-10T07:51:40 IST" duration-ms="115509" status="PASS">
          <params>
            <param index="0">
              <value>
                <![CDATA[bd@techextensor.com]]>
              </value>
            </param>
          </params>
          <reporter-output>
          </reporter-output>
        </test-method> <!-- Setup -->
        <test-method signature="Setup(java.lang.String)[pri:0, instance:SeleniumTest@a580b52]" started-at="2026-03-10T07:51:40 IST" name="Setup" data-provider="emailData" finished-at="2026-03-10T07:52:04 IST" duration-ms="23571" status="PASS">
          <params>
            <param index="0">
              <value>
                <![CDATA[tulsi.g@manektech.com]]>
              </value>
            </param>
          </params>
          <reporter-output>
          </reporter-output>
        </test-method> <!-- Setup -->
        <test-method signature="Setup(java.lang.String)[pri:0, instance:SeleniumTest@a580b52]" started-at="2026-03-10T07:52:04 IST" name="Setup" data-provider="emailData" finished-at="2026-03-10T07:52:25 IST" duration-ms="21333" status="PASS">
          <params>
            <param index="0">
              <value>
                <![CDATA[hr@vidhaninfotech.com]]>
              </value>
            </param>
          </params>
          <reporter-output>
          </reporter-output>
        </test-method> <!-- Setup -->
        <test-method signature="Setup(java.lang.String)[pri:0, instance:SeleniumTest@a580b52]" started-at="2026-03-10T07:52:25 IST" name="Setup" data-provider="emailData" finished-at="2026-03-10T07:52:46 IST" duration-ms="21093" status="PASS">
          <params>
            <param index="0">
              <value>
                <![CDATA[rashmi.parmar@savvient.au]]>
              </value>
            </param>
          </params>
          <reporter-output>
          </reporter-output>
        </test-method> <!-- Setup -->
      </class> <!-- SeleniumTest -->
    </test> <!-- C:/Users/Darsh/Desktop/frmwrk/src/main/java/SeleniumTest.java -->
  </suite> <!-- All Test Suite -->
</testng-results>
