<?xml version="1.0" encoding="UTF-8"?>
<!-- Generated by org.testng.reporters.JUnitReportReporter -->
<testsuite hostname="darsh" failures="0" tests="20" name="SeleniumTest" time="548.329" errors="0" timestamp="2026-03-10T07:52:46 IST" skipped="0">
  <testcase classname="SeleniumTest" name="Setup" time="20.895"/>
  <testcase classname="SeleniumTest" name="Setup" time="25.702"/>
  <testcase classname="SeleniumTest" name="Setup" time="27.135"/>
  <testcase classname="SeleniumTest" name="Setup" time="21.049"/>
  <testcase classname="SeleniumTest" name="Setup" time="21.524"/>
  <testcase classname="SeleniumTest" name="Setup" time="20.374"/>
  <testcase classname="SeleniumTest" name="Setup" time="27.273"/>
  <testcase classname="SeleniumTest" name="Setup" time="21.432"/>
  <testcase classname="SeleniumTest" name="Setup" time="21.333"/>
  <testcase classname="SeleniumTest" name="Setup" time="22.914"/>
  <testcase classname="SeleniumTest" name="Setup" time="22.032"/>
  <testcase classname="SeleniumTest" name="Setup" time="22.524"/>
  <testcase classname="SeleniumTest" name="Setup" time="21.093"/>
  <testcase classname="SeleniumTest" name="Setup" time="115.509"/>
  <testcase classname="SeleniumTest" name="Setup" time="23.571"/>
  <testcase classname="SeleniumTest" name="Setup" time="22.307"/>
  <testcase classname="SeleniumTest" name="Setup" time="25.556"/>
  <testcase classname="SeleniumTest" name="Setup" time="22.526"/>
  <testcase classname="SeleniumTest" name="Setup" time="22.475"/>
  <testcase classname="SeleniumTest" name="Setup" time="21.105"/>
</testsuite> <!-- SeleniumTest -->
